<?xml version="1.0" encoding="UTF-8"?>
<testsuite xmlns:xsi="http://www.w3.org/2001/XMLSchema-instance" xsi:noNamespaceSchemaLocation="https://maven.apache.org/surefire/maven-surefire-plugin/xsd/surefire-test-report-3.0.xsd" version="3.0" name="com.example.BinarySearchTest" time="0.157" tests="90" errors="0" skipped="0" failures="0">
  <properties>
[...]
</properties>
  <testcase name="testRecursiveBinarySearch(int[], int, int)[1]" classname="com.example.BinarySearchTest" time="0.028"/>
  <testcase name="testRecursiveBinarySearch(int[], int, int)[2]" classname="com.example.BinarySearchTest" time="0.001"/>
  <testcase name="testRecursiveBinarySearch(int[], int, int)[3]" classname="com.example.BinarySearchTest" time="0.001"/>
  <testcase name="testRecursiveBinarySearch(int[], int, int)[4]" classname="com.example.BinarySearchTest" time="0.001"/>
  <testcase name="testRecursiveBinarySearch(int[], int, int)[5]" classname="com.example.BinarySearchTest" time="0.001"/>
  <testcase name="testRecursiveBinarySearch(int[], int, int)[6]" classname="com.example.BinarySearchTest" time="0.001"/>
  <testcase name="testRecursiveBinarySearch(int[], int, int)[7]" classname="com.example.BinarySearchTest" time="0"/>
  <testcase name="testRecursiveBinarySearch(int[], int, int)[8]" classname="com.example.BinarySearchTest" time="0.001"/>
  <testcase name="testRecursiveBinarySearch(int[], int, int)[9]" classname="com.example.BinarySearchTest" time="0.001"/>
  <testcase name="testRecursiveBinarySearch(int[], int, int)[10]" classname="com.example.BinarySearchTest" time="0.001"/>
  <testcase name="testRecursiveBinarySearch(int[], int, int)[11]" classname="com.example.BinarySearchTest" time="0"/>
  <testcase name="testRecursiveBinarySearch(int[], int, int)[12]" classname="com.example.BinarySearchTest" time="0.001"/>
  <testcase name="testRecursiveBinarySearch(int[], int, int)[13]" classname="com.example.BinarySearchTest" time="0"/>
  <testcase name="testRecursiveBinarySearch(int[], int, int)[14]" classname="com.example.BinarySearchTest" time="0.001"/>
  <testcase name="testRecursiveBinarySearch(int[], int, int)[15]" classname="com.example.BinarySearchTest" time="0"/>
  <testcase name="testRecursiveBinarySearch(int[], int, int)[16]" classname="com.example.BinarySearchTest" time="0.001"/>
  <testcase name="testRecursiveBinarySearch(int[], int, int)[17]" classname="com.example.BinarySearchTest" time="0"/>
  <testcase name="testRecursiveBinarySearch(int[], int, int)[18]" classname="com.example.BinarySearchTest" time="0.001"/>
  <testcase name="testRecursiveBinarySearch(int[], int, int)[19]" classname="com.example.BinarySearchTest" time="0"/>
  <testcase name="testRecursiveBinarySearch(int[], int, int)[20]" classname="com.example.BinarySearchTest" time="0"/>
  <testcase name="testRecursiveBinarySearch(int[], int, int)[21]" classname="com.example.BinarySearchTest" time="0"/>
  <testcase name="testRecursiveBinarySearch(int[], int, int)[22]" classname="com.example.BinarySearchTest" time="0.001"/>
  <testcase name="testRecursiveBinarySearch(int[], int, int)[23]" classname="com.example.BinarySearchTest" time="0.001"/>
  <testcase name="testRecursiveBinarySearch(int[], int, int)[24]" classname="com.example.BinarySearchTest" time="0.001"/>
  <testcase name="testRecursiveBinarySearch(int[], int, int)[25]" classname="com.example.BinarySearchTest" time="0.001"/>
  <testcase name="testRecursiveBinarySearch(int[], int, int)[26]" classname="com.example.BinarySearchTest" time="0.001"/>
  <testcase name="testRecursiveBinarySearch(int[], int, int)[27]" classname="com.example.BinarySearchTest" time="0.001"/>
  <testcase name="testRecursiveBinarySearch(int[], int, int)[28]" classname="com.example.BinarySearchTest" time="0.001"/>
  <testcase name="testRecursiveBinarySearch(int[], int, int)[29]" classname="com.example.BinarySearchTest" time="0.001"/>
  <testcase name="testRecursiveBinarySearch(int[], int, int)[30]" classname="com.example.BinarySearchTest" time="0.001"/>
  <testcase name="testRecursiveBinarySearch(int[], int, int)[31]" classname="com.example.BinarySearchTest" time="0.001"/>
  <testcase name="testRecursiveBinarySearch(int[], int, int)[32]" classname="com.example.BinarySearchTest" time="0.001"/>
  <testcase name="testRecursiveBinarySearch(int[], int, int)[33]" classname="com.example.BinarySearchTest" time="0.001"/>
  <testcase name="testRecursiveBinarySearch(int[], int, int)[34]" classname="com.example.BinarySearchTest" time="0"/>
  <testcase name="testRecursiveBinarySearch(int[], int, int)[35]" classname="com.example.BinarySearchTest" time="0.004"/>
  <testcase name="testRecursiveBinarySearch(int[], int, int)[36]" classname="com.example.BinarySearchTest" time="0"/>
  <testcase name="testRecursiveBinarySearch(int[], int, int)[37]" classname="com.example.BinarySearchTest" time="0"/>
  <testcase name="testRecursiveBinarySearch(int[], int, int)[38]" classname="com.example.BinarySearchTest" time="0"/>
  <testcase name="testRecursiveBinarySearch(int[], int, int)[39]" classname="com.example.BinarySearchTest" time="0"/>
  <testcase name="testRecursiveBinarySearch(int[], int, int)[40]" classname="com.example.BinarySearchTest" time="0.001"/>
  <testcase name="testRecursiveBinarySearch(int[], int, int)[41]" classname="com.example.BinarySearchTest" time="0"/>
  <testcase name="testRecursiveBinarySearch(int[], int, int)[42]" classname="com.example.BinarySearchTest" time="0"/>
  <testcase name="testRecursiveBinarySearch(int[], int, int)[43]" classname="com.example.BinarySearchTest" time="0.001"/>
  <testcase name="testRecursiveBinarySearch(int[], int, int)[44]" classname="com.example.BinarySearchTest" time="0.001"/>
  <testcase name="testRecursiveBinarySearch(int[], int, int)[45]" classname="com.example.BinarySearchTest" time="0"/>
  <testcase name="testBinarySearch(int[], int, int)[1]" classname="com.example.BinarySearchTest" time="0.001"/>
  <testcase name="testBinarySearch(int[], int, int)[2]" classname="com.example.BinarySearchTest" time="0"/>
  <testcase name="testBinarySearch(int[], int, int)[3]" classname="com.example.BinarySearchTest" time="0"/>
  <testcase name="testBinarySearch(int[], int, int)[4]" classname="com.example.BinarySearchTest" time="0"/>
  <testcase name="testBinarySearch(int[], int, int)[5]" classname="com.example.BinarySearchTest" time="0.001"/>
  <testcase name="testBinarySearch(int[], int, int)[6]" classname="com.example.BinarySearchTest" time="0"/>
  <testcase name="testBinarySearch(int[], int, int)[7]" classname="com.example.BinarySearchTest" time="0"/>
  <testcase name="testBinarySearch(int[], int, int)[8]" classname="com.example.BinarySearchTest" time="0"/>
  <testcase name="testBinarySearch(int[], int, int)[9]" classname="com.example.BinarySearchTest" time="0"/>
  <testcase name="testBinarySearch(int[], int, int)[10]" classname="com.example.BinarySearchTest" time="0.001"/>
  <testcase name="testBinarySearch(int[], int, int)[11]" classname="com.example.BinarySearchTest" time="0"/>
  <testcase name="testBinarySearch(int[], int, int)[12]" classname="com.example.BinarySearchTest" time="0"/>
  <testcase name="testBinarySearch(int[], int, int)[13]" classname="com.example.BinarySearchTest" time="0"/>
  <testcase name="testBinarySearch(int[], int, int)[14]" classname="com.example.BinarySearchTest" time="0"/>
  <testcase name="testBinarySearch(int[], int, int)[15]" classname="com.example.BinarySearchTest" time="0.001"/>
  <testcase name="testBinarySearch(int[], int, int)[16]" classname="com.example.BinarySearchTest" time="0.001"/>
  <testcase name="testBinarySearch(int[], int, int)[17]" classname="com.example.BinarySearchTest" time="0"/>
  <testcase name="testBinarySearch(int[], int, int)[18]" classname="com.example.BinarySearchTest" time="0"/>
  <testcase name="testBinarySearch(int[], int, int)[19]" classname="com.example.BinarySearchTest" time="0"/>
  <testcase name="testBinarySearch(int[], int, int)[20]" classname="com.example.BinarySearchTest" time="0"/>
  <testcase name="testBinarySearch(int[], int, int)[21]" classname="com.example.BinarySearchTest" time="0"/>
  <testcase name="testBinarySearch(int[], int, int)[22]" classname="com.example.BinarySearchTest" time="0.001"/>
  <testcase name="testBinarySearch(int[], int, int)[23]" classname="com.example.BinarySearchTest" time="0"/>
  <testcase name="testBinarySearch(int[], int, int)[24]" classname="com.example.BinarySearchTest" time="0"/>
  <testcase name="testBinarySearch(int[], int, int)[25]" classname="com.example.BinarySearchTest" time="0"/>
  <testcase name="testBinarySearch(int[], int, int)[26]" classname="com.example.BinarySearchTest" time="0"/>
  <testcase name="testBinarySearch(int[], int, int)[27]" classname="com.example.BinarySearchTest" time="0"/>
  <testcase name="testBinarySearch(int[], int, int)[28]" classname="com.example.BinarySearchTest" time="0"/>
  <testcase name="testBinarySearch(int[], int, int)[29]" classname="com.example.BinarySearchTest" time="0"/>
  <testcase name="testBinarySearch(int[], int, int)[30]" classname="com.example.BinarySearchTest" time="0.001"/>
  <testcase name="testBinarySearch(int[], int, int)[31]" classname="com.example.BinarySearchTest" time="0"/>
  <testcase name="testBinarySearch(int[], int, int)[32]" classname="com.example.BinarySearchTest" time="0"/>
  <testcase name="testBinarySearch(int[], int, int)[33]" classname="com.example.BinarySearchTest" time="0.001"/>
  <testcase name="testBinarySearch(int[], int, int)[34]" classname="com.example.BinarySearchTest" time="0"/>
  <testcase name="testBinarySearch(int[], int, int)[35]" classname="com.example.BinarySearchTest" time="0"/>
  <testcase name="testBinarySearch(int[], int, int)[36]" classname="com.example.BinarySearchTest" time="0"/>
  <testcase name="testBinarySearch(int[], int, int)[37]" classname="com.example.BinarySearchTest" time="0"/>
  <testcase name="testBinarySearch(int[], int, int)[38]" classname="com.example.BinarySearchTest" time="0"/>
  <testcase name="testBinarySearch(int[], int, int)[39]" classname="com.example.BinarySearchTest" time="0.001"/>
  <testcase name="testBinarySearch(int[], int, int)[40]" classname="com.example.BinarySearchTest" time="0"/>
  <testcase name="testBinarySearch(int[], int, int)[41]" classname="com.example.BinarySearchTest" time="0"/>
  <testcase name="testBinarySearch(int[], int, int)[42]" classname="com.example.BinarySearchTest" time="0"/>
  <testcase name="testBinarySearch(int[], int, int)[43]" classname="com.example.BinarySearchTest" time="0"/>
  <testcase name="testBinarySearch(int[], int, int)[44]" classname="com.example.BinarySearchTest" time="0.001"/>
  <testcase name="testBinarySearch(int[], int, int)[45]" classname="com.example.BinarySearchTest" time="0"/>
</testsuite>