<?xml version="1.0" encoding="UTF-8"?>
<testsuite xmlns:xsi="http://www.w3.org/2001/XMLSchema-instance" xsi:noNamespaceSchemaLocation="https://maven.apache.org/surefire/maven-surefire-plugin/xsd/surefire-test-report.xsd" name="levenshtein.LevenshteinTest" time="0.131" tests="3" errors="2" skipped="0" failures="0">
  <properties>
    <property name="java.specification.version" value="21"/>
    <property name="sun.jnu.encoding" value="UTF-8"/>
    <property name="java.class.path" value="/home/nahuel/Documents/university/analisis_y_diseño_de_algoritmos/projects/practico-4-cgalean0/levenshtein/target/test-classes:/home/nahuel/Documents/university/analisis_y_diseño_de_algoritmos/projects/practico-4-cgalean0/levenshtein/target/classes:/home/nahuel/.m2/repository/org/junit/jupiter/junit-jupiter-engine/5.9.1/junit-jupiter-engine-5.9.1.jar:/home/nahuel/.m2/repository/org/junit/platform/junit-platform-engine/1.9.1/junit-platform-engine-1.9.1.jar:/home/nahuel/.m2/repository/org/apiguardian/apiguardian-api/1.1.2/apiguardian-api-1.1.2.jar:/home/nahuel/.m2/repository/org/junit/jupiter/junit-jupiter-api/5.9.1/junit-jupiter-api-5.9.1.jar:/home/nahuel/.m2/repository/org/opentest4j/opentest4j/1.2.0/opentest4j-1.2.0.jar:/home/nahuel/.m2/repository/org/junit/platform/junit-platform-commons/1.9.1/junit-platform-commons-1.9.1.jar:/home/nahuel/.m2/repository/org/junit/jupiter/junit-jupiter-params/5.9.1/junit-jupiter-params-5.9.1.jar:/home/nahuel/.m2/repository/org/junit/vintage/junit-vintage-engine/5.9.1/junit-vintage-engine-5.9.1.jar:/home/nahuel/.m2/repository/org/junit/platform/junit-platform-suite-api/1.8.0-RC1/junit-platform-suite-api-1.8.0-RC1.jar:/home/nahuel/.m2/repository/org/junit/platform/junit-platform-suite/1.8.0-RC1/junit-platform-suite-1.8.0-RC1.jar:/home/nahuel/.m2/repository/org/junit/platform/junit-platform-suite-engine/1.8.0-RC1/junit-platform-suite-engine-1.8.0-RC1.jar:/home/nahuel/.m2/repository/org/junit/platform/junit-platform-runner/1.8.0-RC1/junit-platform-runner-1.8.0-RC1.jar:/home/nahuel/.m2/repository/org/junit/platform/junit-platform-launcher/1.8.0-RC1/junit-platform-launcher-1.8.0-RC1.jar:/home/nahuel/.m2/repository/org/junit/platform/junit-platform-suite-commons/1.8.0-RC1/junit-platform-suite-commons-1.8.0-RC1.jar:/home/nahuel/.m2/repository/junit/junit/4.12/junit-4.12.jar:/home/nahuel/.m2/repository/org/hamcrest/hamcrest-core/1.3/hamcrest-core-1.3.jar:"/>
    <property name="java.vm.vendor" value="Ubuntu"/>
    <property name="sun.arch.data.model" value="64"/>
    <property name="java.vendor.url" value="https://ubuntu.com/"/>
    <property name="os.name" value="Linux"/>
    <property name="java.vm.specification.version" value="21"/>
    <property name="sun.java.launcher" value="SUN_STANDARD"/>
    <property name="user.country" value="US"/>
    <property name="sun.boot.library.path" value="/usr/lib/jvm/java-21-openjdk-amd64/lib"/>
    <property name="sun.java.command" value="/home/nahuel/Documents/university/analisis_y_diseño_de_algoritmos/projects/practico-4-cgalean0/levenshtein/target/surefire/surefirebooter12189274809506802114.jar /home/nahuel/Documents/university/analisis_y_diseño_de_algoritmos/projects/practico-4-cgalean0/levenshtein/target/surefire 2025-11-08T14-42-49_195-jvmRun1 surefire11044770565835528931tmp surefire_02151505653408693624tmp"/>
    <property name="jdk.debug" value="release"/>
    <property name="surefire.test.class.path" value="/home/nahuel/Documents/university/analisis_y_diseño_de_algoritmos/projects/practico-4-cgalean0/levenshtein/target/test-classes:/home/nahuel/Documents/university/analisis_y_diseño_de_algoritmos/projects/practico-4-cgalean0/levenshtein/target/classes:/home/nahuel/.m2/repository/org/junit/jupiter/junit-jupiter-engine/5.9.1/junit-jupiter-engine-5.9.1.jar:/home/nahuel/.m2/repository/org/junit/platform/junit-platform-engine/1.9.1/junit-platform-engine-1.9.1.jar:/home/nahuel/.m2/repository/org/apiguardian/apiguardian-api/1.1.2/apiguardian-api-1.1.2.jar:/home/nahuel/.m2/repository/org/junit/jupiter/junit-jupiter-api/5.9.1/junit-jupiter-api-5.9.1.jar:/home/nahuel/.m2/repository/org/opentest4j/opentest4j/1.2.0/opentest4j-1.2.0.jar:/home/nahuel/.m2/repository/org/junit/platform/junit-platform-commons/1.9.1/junit-platform-commons-1.9.1.jar:/home/nahuel/.m2/repository/org/junit/jupiter/junit-jupiter-params/5.9.1/junit-jupiter-params-5.9.1.jar:/home/nahuel/.m2/repository/org/junit/vintage/junit-vintage-engine/5.9.1/junit-vintage-engine-5.9.1.jar:/home/nahuel/.m2/repository/org/junit/platform/junit-platform-suite-api/1.8.0-RC1/junit-platform-suite-api-1.8.0-RC1.jar:/home/nahuel/.m2/repository/org/junit/platform/junit-platform-suite/1.8.0-RC1/junit-platform-suite-1.8.0-RC1.jar:/home/nahuel/.m2/repository/org/junit/platform/junit-platform-suite-engine/1.8.0-RC1/junit-platform-suite-engine-1.8.0-RC1.jar:/home/nahuel/.m2/repository/org/junit/platform/junit-platform-runner/1.8.0-RC1/junit-platform-runner-1.8.0-RC1.jar:/home/nahuel/.m2/repository/org/junit/platform/junit-platform-launcher/1.8.0-RC1/junit-platform-launcher-1.8.0-RC1.jar:/home/nahuel/.m2/repository/org/junit/platform/junit-platform-suite-commons/1.8.0-RC1/junit-platform-suite-commons-1.8.0-RC1.jar:/home/nahuel/.m2/repository/junit/junit/4.12/junit-4.12.jar:/home/nahuel/.m2/repository/org/hamcrest/hamcrest-core/1.3/hamcrest-core-1.3.jar:"/>
    <property name="sun.cpu.endian" value="little"/>
    <property name="user.home" value="/home/nahuel"/>
    <property name="user.language" value="en"/>
    <property name="java.specification.vendor" value="Oracle Corporation"/>
    <property name="java.version.date" value="2025-07-15"/>
    <property name="java.home" value="/usr/lib/jvm/java-21-openjdk-amd64"/>
    <property name="file.separator" value="/"/>
    <property name="basedir" value="/home/nahuel/Documents/university/analisis_y_diseño_de_algoritmos/projects/practico-4-cgalean0/levenshtein"/>
    <property name="java.vm.compressedOopsMode" value="32-bit"/>
    <property name="line.separator" value="&#10;"/>
    <property name="java.specification.name" value="Java Platform API Specification"/>
    <property name="java.vm.specification.vendor" value="Oracle Corporation"/>
    <property name="surefire.real.class.path" value="/home/nahuel/Documents/university/analisis_y_diseño_de_algoritmos/projects/practico-4-cgalean0/levenshtein/target/surefire/surefirebooter12189274809506802114.jar"/>
    <property name="sun.management.compiler" value="HotSpot 64-Bit Tiered Compilers"/>
    <property name="java.runtime.version" value="21.0.8+9-Ubuntu-0ubuntu124.04.1"/>
    <property name="user.name" value="nahuel"/>
    <property name="stdout.encoding" value="UTF-8"/>
    <property name="path.separator" value=":"/>
    <property name="os.version" value="6.14.0-35-generic"/>
    <property name="java.runtime.name" value="OpenJDK Runtime Environment"/>
    <property name="file.encoding" value="UTF-8"/>
    <property name="java.vm.name" value="OpenJDK 64-Bit Server VM"/>
    <property name="localRepository" value="/home/nahuel/.m2/repository"/>
    <property name="java.vendor.url.bug" value="https://bugs.launchpad.net/ubuntu/+source/openjdk-21"/>
    <property name="java.io.tmpdir" value="/tmp"/>
    <property name="java.version" value="21.0.8"/>
    <property name="user.dir" value="/home/nahuel/Documents/university/analisis_y_diseño_de_algoritmos/projects/practico-4-cgalean0/levenshtein"/>
    <property name="os.arch" value="amd64"/>
    <property name="java.vm.specification.name" value="Java Virtual Machine Specification"/>
    <property name="native.encoding" value="UTF-8"/>
    <property name="java.library.path" value="/usr/java/packages/lib:/usr/lib/x86_64-linux-gnu/jni:/lib/x86_64-linux-gnu:/usr/lib/x86_64-linux-gnu:/usr/lib/jni:/lib:/usr/lib"/>
    <property name="java.vm.info" value="mixed mode, sharing"/>
    <property name="stderr.encoding" value="UTF-8"/>
    <property name="java.vendor" value="Ubuntu"/>
    <property name="java.vm.version" value="21.0.8+9-Ubuntu-0ubuntu124.04.1"/>
    <property name="sun.io.unicode.encoding" value="UnicodeLittle"/>
    <property name="java.class.version" value="65.0"/>
  </properties>
  <testcase name="levenshteinDCTest{String, String, int}[1]" classname="levenshtein.LevenshteinTest" time="0.071"/>
  <testcase name="levenshteinPDTest{String, String, int}[1]" classname="levenshtein.LevenshteinTest" time="0.01">
    <error message="You MUST implement this method" type="java.lang.UnsupportedOperationException">java.lang.UnsupportedOperationException: You MUST implement this method
	at levenshtein.LevenshteinTest.levenshteinPDTest(LevenshteinTest.java:44)
</error>
  </testcase>
  <testcase name="levenshteinMemoTest{String, String, int}[1]" classname="levenshtein.LevenshteinTest" time="0.002">
    <error message="You MUST implement this method" type="java.lang.UnsupportedOperationException">java.lang.UnsupportedOperationException: You MUST implement this method
	at levenshtein.LevenshteinTest.levenshteinMemoTest(LevenshteinTest.java:53)
</error>
  </testcase>
</testsuite>