<?xml version="1.0" encoding="UTF-8"?>
<testsuite xmlns:xsi="http://www.w3.org/2001/XMLSchema-instance" xsi:noNamespaceSchemaLocation="https://maven.apache.org/surefire/maven-surefire-plugin/xsd/surefire-test-report.xsd" name="levenshtein.LevenshteinTest" time="0.131" tests="3" errors="2" skipped="0" failures="0">
  <properties>
[...]
</properties>
  <testcase name="levenshteinDCTest{String, String, int}[1]" classname="levenshtein.LevenshteinTest" time="0.071"/>
  <testcase name="levenshteinPDTest{String, String, int}[1]" classname="levenshtein.LevenshteinTest" time="0.01">
    <error message="You MUST implement this method" type="java.lang.UnsupportedOperationException">java.lang.UnsupportedOperationException: You MUST implement this method
	at levenshtein.LevenshteinTest.levenshteinPDTest(LevenshteinTest.java:44)
</error>
  </testcase>
  <testcase name="levenshteinMemoTest{String, String, int}[1]" classname="levenshtein.LevenshteinTest" time="0.002">
    <error message="You MUST implement this method" type="java.lang.UnsupportedOperationException">java.lang.UnsupportedOperationException: You MUST implement this method
	at levenshtein.LevenshteinTest.levenshteinMemoTest(LevenshteinTest.java:53)
</error>
  </testcase>
</testsuite>