<?xml version="1.0" encoding="UTF-8"?>
<testsuite xmlns:xsi="http://www.w3.org/2001/XMLSchema-instance" xsi:noNamespaceSchemaLocation="https://maven.apache.org/surefire/maven-surefire-plugin/xsd/surefire-test-report.xsd" name="catalannumber.CatalanNumberTest" time="6.61" tests="27" errors="1" skipped="0" failures="0">
  <properties>
[...]
</properties>
  <testcase name="MemoCatalanNumberTest{int}[1]" classname="catalannumber.CatalanNumberTest" time="0.032"/>
  <testcase name="MemoCatalanNumberTest{int}[2]" classname="catalannumber.CatalanNumberTest" time="0.001"/>
  <testcase name="MemoCatalanNumberTest{int}[3]" classname="catalannumber.CatalanNumberTest" time="0.001"/>
  <testcase name="MemoCatalanNumberTest{int}[4]" classname="catalannumber.CatalanNumberTest" time="0.001"/>
  <testcase name="MemoCatalanNumberTest{int}[5]" classname="catalannumber.CatalanNumberTest" time="0"/>
  <testcase name="MemoCatalanNumberTest{int}[6]" classname="catalannumber.CatalanNumberTest" time="0"/>
  <testcase name="MemoCatalanNumberTest{int}[7]" classname="catalannumber.CatalanNumberTest" time="0.001"/>
  <testcase name="MemoCatalanNumberTest{int}[8]" classname="catalannumber.CatalanNumberTest" time="0.001"/>
  <testcase name="MemoCatalanNumberTest{int}[9]" classname="catalannumber.CatalanNumberTest" time="0.001"/>
  <testcase name="MemoCatalanNumberTest{int}[10]" classname="catalannumber.CatalanNumberTest" time="0.001"/>
  <testcase name="MemoCatalanNumberTest{int}[11]" classname="catalannumber.CatalanNumberTest" time="0.001"/>
  <testcase name="MemoCatalanNumberTest{int}[12]" classname="catalannumber.CatalanNumberTest" time="0"/>
  <testcase name="testEfficient" classname="catalannumber.CatalanNumberTest" time="6.489">
    <error message="testEfficient() timed out after 1 second" type="java.util.concurrent.TimeoutException">java.util.concurrent.TimeoutException: testEfficient() timed out after 1 second
</error>
  </testcase>
  <testcase name="catalanNumberTest{int, long}[1]" classname="catalannumber.CatalanNumberTest" time="0.004"/>
  <testcase name="catalanNumberTest{int, long}[2]" classname="catalannumber.CatalanNumberTest" time="0"/>
  <testcase name="catalanNumberTest{int, long}[3]" classname="catalannumber.CatalanNumberTest" time="0.001"/>
  <testcase name="catalanNumberTest{int, long}[4]" classname="catalannumber.CatalanNumberTest" time="0.001"/>
  <testcase name="catalanNumberTest{int, long}[5]" classname="catalannumber.CatalanNumberTest" time="0.001"/>
  <testcase name="catalanNumberTest{int, long}[6]" classname="catalannumber.CatalanNumberTest" time="0"/>
  <testcase name="catalanNumberTest{int, long}[7]" classname="catalannumber.CatalanNumberTest" time="0.001"/>
  <testcase name="PDCatalanNumberTest{int, long}[1]" classname="catalannumber.CatalanNumberTest" time="0.001"/>
  <testcase name="PDCatalanNumberTest{int, long}[2]" classname="catalannumber.CatalanNumberTest" time="0.001"/>
  <testcase name="PDCatalanNumberTest{int, long}[3]" classname="catalannumber.CatalanNumberTest" time="0.001"/>
  <testcase name="PDCatalanNumberTest{int, long}[4]" classname="catalannumber.CatalanNumberTest" time="0"/>
  <testcase name="PDCatalanNumberTest{int, long}[5]" classname="catalannumber.CatalanNumberTest" time="0"/>
  <testcase name="PDCatalanNumberTest{int, long}[6]" classname="catalannumber.CatalanNumberTest" time="0"/>
  <testcase name="PDCatalanNumberTest{int, long}[7]" classname="catalannumber.CatalanNumberTest" time="0"/>
</testsuite>