<?xml version="1.0" encoding="UTF-8"?>
<testsuite xmlns:xsi="http://www.w3.org/2001/XMLSchema-instance" xsi:noNamespaceSchemaLocation="https://maven.apache.org/surefire/maven-surefire-plugin/xsd/surefire-test-report.xsd" name="com.isSubsequence.IsSequenceTest" time="0.063" tests="8" errors="0" skipped="0" failures="0">
  <properties>
[...]
</properties>
  <testcase name="greedyIsSequenceTest{String, String, boolean}[1]" classname="com.isSubsequence.IsSequenceTest" time="0.023"/>
  <testcase name="greedyIsSequenceTest{String, String, boolean}[2]" classname="com.isSubsequence.IsSequenceTest" time="0.001"/>
  <testcase name="greedyIsSequenceTest{String, String, boolean}[3]" classname="com.isSubsequence.IsSequenceTest" time="0.001"/>
  <testcase name="greedyIsSequenceTest{String, String, boolean}[4]" classname="com.isSubsequence.IsSequenceTest" time="0.001"/>
  <testcase name="pdIsSequenceTest{String, String, boolean}[1]" classname="com.isSubsequence.IsSequenceTest" time="0.001"/>
  <testcase name="pdIsSequenceTest{String, String, boolean}[2]" classname="com.isSubsequence.IsSequenceTest" time="0"/>
  <testcase name="pdIsSequenceTest{String, String, boolean}[3]" classname="com.isSubsequence.IsSequenceTest" time="0.001"/>
  <testcase name="pdIsSequenceTest{String, String, boolean}[4]" classname="com.isSubsequence.IsSequenceTest" time="0"/>
</testsuite>